<?xml version="1.0" encoding="UTF-8"?>
<testsuite errors="0" failures="0" hostname="hostname" name="basic-attributes" tests="0" time="0.035"
           timestamp="timestamp"/>
