<?xml version="1.0" encoding="UTF-8"?>
<testsuite errors="3" failures="0" tests="3">
  <testcase/>
  <testcase/>
  <testcase/>
</testsuite>
